# Logfile created on 2014-03-08 22:25:39 +0200 by logger.rb/41954
I, [2014-03-08T22:25:39.929529 #8051]  INFO -- : 0:  rake (10.1.0) from /home/rafael/.rvm/gems/ruby-2.0.0-p353@newprojects/specifications/rake-10.1.0.gemspec
I, [2014-03-08T22:25:41.892826 #8051]  INFO -- : 0:  i18n (0.6.4) from /home/rafael/.rvm/gems/ruby-2.0.0-p353@newprojects/specifications/i18n-0.6.4.gemspec
I, [2014-03-08T22:25:41.893417 #8051]  INFO -- : 0:  minitest (4.7.5) from /home/rafael/.rvm/gems/ruby-2.0.0-p353@newprojects/specifications/minitest-4.7.5.gemspec
I, [2014-03-08T22:25:42.706889 #8051]  INFO -- : 0:  multi_json (1.7.7) from /home/rafael/.rvm/gems/ruby-2.0.0-p353@newprojects/specifications/multi_json-1.7.7.gemspec
I, [2014-03-08T22:25:44.066281 #8051]  INFO -- : 0:  atomic (1.1.10) from /home/rafael/.rvm/gems/ruby-2.0.0-p353@newprojects/specifications/atomic-1.1.10.gemspec
I, [2014-03-08T22:25:45.339423 #8051]  INFO -- : 0:  thread_safe (0.1.0) from /home/rafael/.rvm/gems/ruby-2.0.0-p353@newprojects/specifications/thread_safe-0.1.0.gemspec
I, [2014-03-08T22:25:45.340065 #8051]  INFO -- : 0:  tzinfo (0.3.37) from /home/rafael/.rvm/gems/ruby-2.0.0-p353@newprojects/specifications/tzinfo-0.3.37.gemspec
I, [2014-03-08T22:25:45.340499 #8051]  INFO -- : 0:  activesupport (4.0.0) from /home/rafael/.rvm/gems/ruby-2.0.0-p353@newprojects/specifications/activesupport-4.0.0.gemspec
I, [2014-03-08T22:25:45.340907 #8051]  INFO -- : 0:  builder (3.1.4) from /home/rafael/.rvm/gems/ruby-2.0.0-p353@newprojects/specifications/builder-3.1.4.gemspec
I, [2014-03-08T22:25:45.341319 #8051]  INFO -- : 0:  erubis (2.7.0) from /home/rafael/.rvm/gems/ruby-2.0.0-p353@newprojects/specifications/erubis-2.7.0.gemspec
I, [2014-03-08T22:25:45.341721 #8051]  INFO -- : 0:  rack (1.5.2) from /home/rafael/.rvm/gems/ruby-2.0.0-p353@newprojects/specifications/rack-1.5.2.gemspec
I, [2014-03-08T22:25:45.342116 #8051]  INFO -- : 0:  rack-test (0.6.2) from /home/rafael/.rvm/gems/ruby-2.0.0-p353@newprojects/specifications/rack-test-0.6.2.gemspec
I, [2014-03-08T22:25:45.342564 #8051]  INFO -- : 0:  actionpack (4.0.0) from /home/rafael/.rvm/gems/ruby-2.0.0-p353@newprojects/specifications/actionpack-4.0.0.gemspec
I, [2014-03-08T22:25:46.387403 #8051]  INFO -- : 0:  mime-types (1.23) from /home/rafael/.rvm/gems/ruby-2.0.0-p353@newprojects/specifications/mime-types-1.23.gemspec
I, [2014-03-08T22:25:46.387937 #8051]  INFO -- : 0:  polyglot (0.3.3) from /home/rafael/.rvm/gems/ruby-2.0.0-p353@newprojects/specifications/polyglot-0.3.3.gemspec
I, [2014-03-08T22:25:48.138861 #8051]  INFO -- : 0:  treetop (1.4.14) from /home/rafael/.rvm/gems/ruby-2.0.0-p353@newprojects/specifications/treetop-1.4.14.gemspec
I, [2014-03-08T22:25:48.139408 #8051]  INFO -- : 0:  mail (2.5.4) from /home/rafael/.rvm/gems/ruby-2.0.0-p353@newprojects/specifications/mail-2.5.4.gemspec
I, [2014-03-08T22:25:48.139744 #8051]  INFO -- : 0:  actionmailer (4.0.0) from /home/rafael/.rvm/gems/ruby-2.0.0-p353@newprojects/specifications/actionmailer-4.0.0.gemspec
I, [2014-03-08T22:25:48.140074 #8051]  INFO -- : 0:  activemodel (4.0.0) from /home/rafael/.rvm/gems/ruby-2.0.0-p353@newprojects/specifications/activemodel-4.0.0.gemspec
I, [2014-03-08T22:25:48.140397 #8051]  INFO -- : 0:  activerecord-deprecated_finders (1.0.3) from /home/rafael/.rvm/gems/ruby-2.0.0-p353@newprojects/specifications/activerecord-deprecated_finders-1.0.3.gemspec
I, [2014-03-08T22:25:48.140712 #8051]  INFO -- : 0:  arel (4.0.0) from /home/rafael/.rvm/gems/ruby-2.0.0-p353@newprojects/specifications/arel-4.0.0.gemspec
I, [2014-03-08T22:25:48.141029 #8051]  INFO -- : 0:  activerecord (4.0.0) from /home/rafael/.rvm/gems/ruby-2.0.0-p353@newprojects/specifications/activerecord-4.0.0.gemspec
I, [2014-03-08T22:25:49.979914 #8051]  INFO -- : 0:  sass (3.2.9) from /home/rafael/.rvm/gems/ruby-2.0.0-p353@newprojects/specifications/sass-3.2.9.gemspec
I, [2014-03-08T22:25:49.980468 #8051]  INFO -- : 0:  bootstrap-sass (2.3.2.0) from /home/rafael/.rvm/gems/ruby-2.0.0-p353@newprojects/specifications/bootstrap-sass-2.3.2.0.gemspec
I, [2014-03-08T22:25:49.980764 #8051]  INFO -- : 0:  bundler (1.5.1) from /home/rafael/.rvm/gems/ruby-2.0.0-p353@newprojects/specifications/bundler-1.5.1.gemspec
I, [2014-03-08T22:25:51.140379 #8051]  INFO -- : 0:  coderay (1.0.9) from /home/rafael/.rvm/gems/ruby-2.0.0-p353@newprojects/specifications/coderay-1.0.9.gemspec
I, [2014-03-08T22:25:51.941237 #8051]  INFO -- : 0:  coffee-script-source (1.6.2) from /home/rafael/.rvm/gems/ruby-2.0.0-p353@newprojects/specifications/coffee-script-source-1.6.2.gemspec
I, [2014-03-08T22:25:52.475907 #8051]  INFO -- : 0:  execjs (1.4.0) from /home/rafael/.rvm/gems/ruby-2.0.0-p353@newprojects/specifications/execjs-1.4.0.gemspec
I, [2014-03-08T22:25:52.476371 #8051]  INFO -- : 0:  coffee-script (2.2.0) from /home/rafael/.rvm/gems/ruby-2.0.0-p353@newprojects/specifications/coffee-script-2.2.0.gemspec
I, [2014-03-08T22:25:52.476689 #8051]  INFO -- : 0:  thor (0.18.1) from /home/rafael/.rvm/gems/ruby-2.0.0-p353@newprojects/specifications/thor-0.18.1.gemspec
I, [2014-03-08T22:25:53.876208 #8051]  INFO -- : 0:  railties (4.0.0) from /home/rafael/.rvm/gems/ruby-2.0.0-p353@newprojects/specifications/railties-4.0.0.gemspec
I, [2014-03-08T22:25:54.378037 #8051]  INFO -- : 0:  coffee-rails (4.0.0) from /home/rafael/.rvm/gems/ruby-2.0.0-p353@newprojects/specifications/coffee-rails-4.0.0.gemspec
I, [2014-03-08T22:25:54.378510 #8051]  INFO -- : 0:  hike (1.2.3) from /home/rafael/.rvm/gems/ruby-2.0.0-p353@newprojects/specifications/hike-1.2.3.gemspec
I, [2014-03-08T22:25:55.012807 #8051]  INFO -- : 0:  jbuilder (1.4.2) from /home/rafael/.rvm/gems/ruby-2.0.0-p353@newprojects/specifications/jbuilder-1.4.2.gemspec
I, [2014-03-08T22:25:56.262458 #8051]  INFO -- : 0:  jquery-rails (3.0.1) from /home/rafael/.rvm/gems/ruby-2.0.0-p353@newprojects/specifications/jquery-rails-3.0.1.gemspec
I, [2014-03-08T22:25:58.588737 #8051]  INFO -- : 0:  json (1.8.0) from /home/rafael/.rvm/gems/ruby-2.0.0-p353@newprojects/specifications/json-1.8.0.gemspec
I, [2014-03-08T22:25:59.312088 #8051]  INFO -- : 0:  method_source (0.8.1) from /home/rafael/.rvm/gems/ruby-2.0.0-p353@newprojects/specifications/method_source-0.8.1.gemspec
E, [2014-03-08T22:26:00.806233 #8051] ERROR -- : Gem::Ext::BuildError: ERROR: Failed to build gem native extension.

    /home/rafael/.rvm/rubies/ruby-2.0.0-p353/bin/ruby extconf.rb 
checking for pg_config... no
No pg_config... trying anyway. If building fails, please try again with
 --with-pg-config=/path/to/pg_config
checking for libpq-fe.h... no
Can't find the 'libpq-fe.h header
*** extconf.rb failed ***
Could not create Makefile due to some reason, probably lack of necessary
libraries and/or headers.  Check the mkmf.log file for more details.  You may
need configuration options.

Provided configuration options:
	--with-opt-dir
	--without-opt-dir
	--with-opt-include
	--without-opt-include=${opt-dir}/include
	--with-opt-lib
	--without-opt-lib=${opt-dir}/lib
	--with-make-prog
	--without-make-prog
	--srcdir=.
	--curdir
	--ruby=/home/rafael/.rvm/rubies/ruby-2.0.0-p353/bin/ruby
	--with-pg
	--without-pg
	--with-pg-dir
	--without-pg-dir
	--with-pg-include
	--without-pg-include=${pg-dir}/include
	--with-pg-lib
	--without-pg-lib=${pg-dir}/
	--with-pg-config
	--without-pg-config
	--with-pg_config
	--without-pg_config

extconf failed, exit code 1

Gem files will remain installed in /home/rafael/.rvm/gems/ruby-2.0.0-p353@newprojects/gems/pg-0.15.1 for inspection.
Results logged to /home/rafael/.rvm/gems/ruby-2.0.0-p353@newprojects/extensions/x86_64-linux/2.0.0/pg-0.15.1/gem_make.out

/home/rafael/.rvm/rubies/ruby-2.0.0-p353/lib/ruby/site_ruby/2.0.0/rubygems/ext/builder.rb:89:in `run'  \n/home/rafael/.rvm/rubies/ruby-2.0.0-p353/lib/ruby/site_ruby/2.0.0/rubygems/ext/ext_conf_builder.rb:37:in `block in build'  \n/home/rafael/.rvm/rubies/ruby-2.0.0-p353/lib/ruby/2.0.0/tempfile.rb:324:in `open'  \n/home/rafael/.rvm/rubies/ruby-2.0.0-p353/lib/ruby/site_ruby/2.0.0/rubygems/ext/ext_conf_builder.rb:17:in `build'  \n/home/rafael/.rvm/rubies/ruby-2.0.0-p353/lib/ruby/site_ruby/2.0.0/rubygems/ext/builder.rb:161:in `block (2 levels) in build_extension'  \n/home/rafael/.rvm/rubies/ruby-2.0.0-p353/lib/ruby/site_ruby/2.0.0/rubygems/ext/builder.rb:160:in `chdir'  \n/home/rafael/.rvm/rubies/ruby-2.0.0-p353/lib/ruby/site_ruby/2.0.0/rubygems/ext/builder.rb:160:in `block in build_extension'  \n/home/rafael/.rvm/rubies/ruby-2.0.0-p353/lib/ruby/site_ruby/2.0.0/rubygems/ext/builder.rb:159:in `synchronize'  \n/home/rafael/.rvm/rubies/ruby-2.0.0-p353/lib/ruby/site_ruby/2.0.0/rubygems/ext/builder.rb:159:in `build_extension'  \n/home/rafael/.rvm/rubies/ruby-2.0.0-p353/lib/ruby/site_ruby/2.0.0/rubygems/ext/builder.rb:198:in `block in build_extensions'  \n/home/rafael/.rvm/rubies/ruby-2.0.0-p353/lib/ruby/site_ruby/2.0.0/rubygems/ext/builder.rb:195:in `each'  \n/home/rafael/.rvm/rubies/ruby-2.0.0-p353/lib/ruby/site_ruby/2.0.0/rubygems/ext/builder.rb:195:in `build_extensions'  \n/home/rafael/.rvm/rubies/ruby-2.0.0-p353/lib/ruby/site_ruby/2.0.0/rubygems/installer.rb:677:in `build_extensions'  \n/home/rafael/.rvm/rubies/ruby-2.0.0-p353/lib/ruby/site_ruby/2.0.0/rubygems/installer.rb:232:in `install'  \n/home/rafael/.rvm/gems/ruby-2.0.0-p353@newprojects/gems/bundler-1.5.1/lib/bundler/source/rubygems.rb:101:in `block in install'  \n/home/rafael/.rvm/gems/ruby-2.0.0-p353@newprojects/gems/bundler-1.5.1/lib/bundler/rubygems_integration.rb:118:in `preserve_paths'  \n/home/rafael/.rvm/gems/ruby-2.0.0-p353@newprojects/gems/bundler-1.5.1/lib/bundler/source/rubygems.rb:94:in `install'  \n/home/rafael/.rvm/gems/ruby-2.0.0-p353@newprojects/gems/bundler-1.5.1/lib/bundler/installer.rb:111:in `block in install_gem_from_spec'  \n/home/rafael/.rvm/gems/ruby-2.0.0-p353@newprojects/gems/bundler-1.5.1/lib/bundler/rubygems_integration.rb:150:in `with_build_args'  \n/home/rafael/.rvm/gems/ruby-2.0.0-p353@newprojects/gems/bundler-1.5.1/lib/bundler/installer.rb:110:in `install_gem_from_spec'  \n/home/rafael/.rvm/gems/ruby-2.0.0-p353@newprojects/gems/bundler-1.5.1/lib/bundler/installer.rb:295:in `block in install_sequentially'  \n/home/rafael/.rvm/rubies/ruby-2.0.0-p353/lib/ruby/2.0.0/forwardable.rb:171:in `each'  \n/home/rafael/.rvm/rubies/ruby-2.0.0-p353/lib/ruby/2.0.0/forwardable.rb:171:in `each'  \n/home/rafael/.rvm/gems/ruby-2.0.0-p353@newprojects/gems/bundler-1.5.1/lib/bundler/installer.rb:294:in `install_sequentially'  \n/home/rafael/.rvm/gems/ruby-2.0.0-p353@newprojects/gems/bundler-1.5.1/lib/bundler/installer.rb:97:in `run'  \n/home/rafael/.rvm/gems/ruby-2.0.0-p353@newprojects/gems/bundler-1.5.1/lib/bundler/installer.rb:15:in `install'  \n/home/rafael/.rvm/gems/ruby-2.0.0-p353@newprojects/gems/bundler-1.5.1/lib/bundler/cli.rb:257:in `install'  \n/home/rafael/.rvm/gems/ruby-2.0.0-p353@newprojects/gems/bundler-1.5.1/lib/bundler/vendor/thor/command.rb:27:in `run'  \n/home/rafael/.rvm/gems/ruby-2.0.0-p353@newprojects/gems/bundler-1.5.1/lib/bundler/vendor/thor/invocation.rb:120:in `invoke_command'  \n/home/rafael/.rvm/gems/ruby-2.0.0-p353@newprojects/gems/bundler-1.5.1/lib/bundler/vendor/thor.rb:363:in `dispatch'  \n/home/rafael/.rvm/gems/ruby-2.0.0-p353@newprojects/gems/bundler-1.5.1/lib/bundler/vendor/thor/base.rb:438:in `start'  \n/home/rafael/.rvm/gems/ruby-2.0.0-p353@newprojects/gems/bundler-1.5.1/lib/bundler/cli.rb:10:in `start'  \n/home/rafael/.rvm/gems/ruby-2.0.0-p353@newprojects/gems/bundler-1.5.1/bin/bundle:22:in `block in <top (required)>'  \n/home/rafael/.rvm/gems/ruby-2.0.0-p353@newprojects/gems/bundler-1.5.1/lib/bundler/friendly_errors.rb:5:in `with_friendly_errors'  \n/home/rafael/.rvm/gems/ruby-2.0.0-p353@newprojects/gems/bundler-1.5.1/bin/bundle:22:in `<top (required)>'  \n/home/rafael/.rvm/gems/ruby-2.0.0-p353@newprojects/bin/bundle:23:in `load'  \n/home/rafael/.rvm/gems/ruby-2.0.0-p353@newprojects/bin/bundle:23:in `<main>'
I, [2014-03-08T23:18:32.331812 #9648]  INFO -- : 0:  rake (10.1.0) from /home/rafael/.rvm/gems/ruby-2.0.0-p353@newprojects/specifications/rake-10.1.0.gemspec
I, [2014-03-08T23:18:32.332381 #9648]  INFO -- : 0:  i18n (0.6.4) from /home/rafael/.rvm/gems/ruby-2.0.0-p353@newprojects/specifications/i18n-0.6.4.gemspec
I, [2014-03-08T23:18:32.332759 #9648]  INFO -- : 0:  minitest (4.7.5) from /home/rafael/.rvm/gems/ruby-2.0.0-p353@newprojects/specifications/minitest-4.7.5.gemspec
I, [2014-03-08T23:18:32.333153 #9648]  INFO -- : 0:  multi_json (1.7.7) from /home/rafael/.rvm/gems/ruby-2.0.0-p353@newprojects/specifications/multi_json-1.7.7.gemspec
I, [2014-03-08T23:18:32.333521 #9648]  INFO -- : 0:  atomic (1.1.10) from /home/rafael/.rvm/gems/ruby-2.0.0-p353@newprojects/specifications/atomic-1.1.10.gemspec
I, [2014-03-08T23:18:32.333890 #9648]  INFO -- : 0:  thread_safe (0.1.0) from /home/rafael/.rvm/gems/ruby-2.0.0-p353@newprojects/specifications/thread_safe-0.1.0.gemspec
I, [2014-03-08T23:18:32.334272 #9648]  INFO -- : 0:  tzinfo (0.3.37) from /home/rafael/.rvm/gems/ruby-2.0.0-p353@newprojects/specifications/tzinfo-0.3.37.gemspec
I, [2014-03-08T23:18:32.334643 #9648]  INFO -- : 0:  activesupport (4.0.0) from /home/rafael/.rvm/gems/ruby-2.0.0-p353@newprojects/specifications/activesupport-4.0.0.gemspec
I, [2014-03-08T23:18:32.335000 #9648]  INFO -- : 0:  builder (3.1.4) from /home/rafael/.rvm/gems/ruby-2.0.0-p353@newprojects/specifications/builder-3.1.4.gemspec
I, [2014-03-08T23:18:32.335353 #9648]  INFO -- : 0:  erubis (2.7.0) from /home/rafael/.rvm/gems/ruby-2.0.0-p353@newprojects/specifications/erubis-2.7.0.gemspec
I, [2014-03-08T23:18:32.335706 #9648]  INFO -- : 0:  rack (1.5.2) from /home/rafael/.rvm/gems/ruby-2.0.0-p353@newprojects/specifications/rack-1.5.2.gemspec
I, [2014-03-08T23:18:32.336060 #9648]  INFO -- : 0:  rack-test (0.6.2) from /home/rafael/.rvm/gems/ruby-2.0.0-p353@newprojects/specifications/rack-test-0.6.2.gemspec
I, [2014-03-08T23:18:32.336426 #9648]  INFO -- : 0:  actionpack (4.0.0) from /home/rafael/.rvm/gems/ruby-2.0.0-p353@newprojects/specifications/actionpack-4.0.0.gemspec
I, [2014-03-08T23:18:32.336794 #9648]  INFO -- : 0:  mime-types (1.23) from /home/rafael/.rvm/gems/ruby-2.0.0-p353@newprojects/specifications/mime-types-1.23.gemspec
I, [2014-03-08T23:18:32.337150 #9648]  INFO -- : 0:  polyglot (0.3.3) from /home/rafael/.rvm/gems/ruby-2.0.0-p353@newprojects/specifications/polyglot-0.3.3.gemspec
I, [2014-03-08T23:18:32.337511 #9648]  INFO -- : 0:  treetop (1.4.14) from /home/rafael/.rvm/gems/ruby-2.0.0-p353@newprojects/specifications/treetop-1.4.14.gemspec
I, [2014-03-08T23:18:32.337865 #9648]  INFO -- : 0:  mail (2.5.4) from /home/rafael/.rvm/gems/ruby-2.0.0-p353@newprojects/specifications/mail-2.5.4.gemspec
I, [2014-03-08T23:18:32.338415 #9648]  INFO -- : 0:  actionmailer (4.0.0) from /home/rafael/.rvm/gems/ruby-2.0.0-p353@newprojects/specifications/actionmailer-4.0.0.gemspec
I, [2014-03-08T23:18:32.338967 #9648]  INFO -- : 0:  activemodel (4.0.0) from /home/rafael/.rvm/gems/ruby-2.0.0-p353@newprojects/specifications/activemodel-4.0.0.gemspec
I, [2014-03-08T23:18:32.339340 #9648]  INFO -- : 0:  activerecord-deprecated_finders (1.0.3) from /home/rafael/.rvm/gems/ruby-2.0.0-p353@newprojects/specifications/activerecord-deprecated_finders-1.0.3.gemspec
I, [2014-03-08T23:18:32.339707 #9648]  INFO -- : 0:  arel (4.0.0) from /home/rafael/.rvm/gems/ruby-2.0.0-p353@newprojects/specifications/arel-4.0.0.gemspec
I, [2014-03-08T23:18:32.340087 #9648]  INFO -- : 0:  activerecord (4.0.0) from /home/rafael/.rvm/gems/ruby-2.0.0-p353@newprojects/specifications/activerecord-4.0.0.gemspec
I, [2014-03-08T23:18:32.340460 #9648]  INFO -- : 0:  sass (3.2.9) from /home/rafael/.rvm/gems/ruby-2.0.0-p353@newprojects/specifications/sass-3.2.9.gemspec
I, [2014-03-08T23:18:32.340821 #9648]  INFO -- : 0:  bootstrap-sass (2.3.2.0) from /home/rafael/.rvm/gems/ruby-2.0.0-p353@newprojects/specifications/bootstrap-sass-2.3.2.0.gemspec
I, [2014-03-08T23:18:32.341167 #9648]  INFO -- : 0:  bundler (1.5.1) from /home/rafael/.rvm/gems/ruby-2.0.0-p353@newprojects/specifications/bundler-1.5.1.gemspec
I, [2014-03-08T23:18:32.341530 #9648]  INFO -- : 0:  coderay (1.0.9) from /home/rafael/.rvm/gems/ruby-2.0.0-p353@newprojects/specifications/coderay-1.0.9.gemspec
I, [2014-03-08T23:18:32.341897 #9648]  INFO -- : 0:  coffee-script-source (1.6.2) from /home/rafael/.rvm/gems/ruby-2.0.0-p353@newprojects/specifications/coffee-script-source-1.6.2.gemspec
I, [2014-03-08T23:18:32.342304 #9648]  INFO -- : 0:  execjs (1.4.0) from /home/rafael/.rvm/gems/ruby-2.0.0-p353@newprojects/specifications/execjs-1.4.0.gemspec
I, [2014-03-08T23:18:32.342663 #9648]  INFO -- : 0:  coffee-script (2.2.0) from /home/rafael/.rvm/gems/ruby-2.0.0-p353@newprojects/specifications/coffee-script-2.2.0.gemspec
I, [2014-03-08T23:18:32.343018 #9648]  INFO -- : 0:  thor (0.18.1) from /home/rafael/.rvm/gems/ruby-2.0.0-p353@newprojects/specifications/thor-0.18.1.gemspec
I, [2014-03-08T23:18:32.343383 #9648]  INFO -- : 0:  railties (4.0.0) from /home/rafael/.rvm/gems/ruby-2.0.0-p353@newprojects/specifications/railties-4.0.0.gemspec
I, [2014-03-08T23:18:32.343746 #9648]  INFO -- : 0:  coffee-rails (4.0.0) from /home/rafael/.rvm/gems/ruby-2.0.0-p353@newprojects/specifications/coffee-rails-4.0.0.gemspec
I, [2014-03-08T23:18:32.344098 #9648]  INFO -- : 0:  hike (1.2.3) from /home/rafael/.rvm/gems/ruby-2.0.0-p353@newprojects/specifications/hike-1.2.3.gemspec
I, [2014-03-08T23:18:32.344460 #9648]  INFO -- : 0:  jbuilder (1.4.2) from /home/rafael/.rvm/gems/ruby-2.0.0-p353@newprojects/specifications/jbuilder-1.4.2.gemspec
I, [2014-03-08T23:18:32.344824 #9648]  INFO -- : 0:  jquery-rails (3.0.1) from /home/rafael/.rvm/gems/ruby-2.0.0-p353@newprojects/specifications/jquery-rails-3.0.1.gemspec
I, [2014-03-08T23:18:32.345188 #9648]  INFO -- : 0:  json (1.8.0) from /home/rafael/.rvm/gems/ruby-2.0.0-p353@newprojects/specifications/json-1.8.0.gemspec
I, [2014-03-08T23:18:32.345552 #9648]  INFO -- : 0:  method_source (0.8.1) from /home/rafael/.rvm/gems/ruby-2.0.0-p353@newprojects/specifications/method_source-0.8.1.gemspec
I, [2014-03-08T23:18:32.953837 #9648]  INFO -- : 0:  slop (3.4.5) from /home/rafael/.rvm/gems/ruby-2.0.0-p353@newprojects/specifications/slop-3.4.5.gemspec
I, [2014-03-08T23:18:34.457514 #9648]  INFO -- : 0:  pry (0.9.12.2) from /home/rafael/.rvm/gems/ruby-2.0.0-p353@newprojects/specifications/pry-0.9.12.2.gemspec
I, [2014-03-08T23:18:35.158971 #9648]  INFO -- : 0:  quiet_assets (1.0.2) from /home/rafael/.rvm/gems/ruby-2.0.0-p353@newprojects/specifications/quiet_assets-1.0.2.gemspec
I, [2014-03-08T23:18:35.159482 #9648]  INFO -- : 0:  tilt (1.4.1) from /home/rafael/.rvm/gems/ruby-2.0.0-p353@newprojects/specifications/tilt-1.4.1.gemspec
I, [2014-03-08T23:18:36.039680 #9648]  INFO -- : 0:  sprockets (2.10.0) from /home/rafael/.rvm/gems/ruby-2.0.0-p353@newprojects/specifications/sprockets-2.10.0.gemspec
I, [2014-03-08T23:18:36.474060 #9648]  INFO -- : 0:  sprockets-rails (2.0.0) from /home/rafael/.rvm/gems/ruby-2.0.0-p353@newprojects/specifications/sprockets-rails-2.0.0.gemspec
I, [2014-03-08T23:18:43.270243 #9648]  INFO -- : 0:  rails (4.0.0) from /home/rafael/.rvm/gems/ruby-2.0.0-p353@newprojects/specifications/rails-4.0.0.gemspec
I, [2014-03-08T23:18:43.270840 #9648]  INFO -- : 0:  rdoc (3.12.2) from /home/rafael/.rvm/gems/ruby-2.0.0-p353@newprojects/specifications/rdoc-3.12.2.gemspec
I, [2014-03-08T23:18:44.471327 #9648]  INFO -- : 0:  sass-rails (4.0.0) from /home/rafael/.rvm/gems/ruby-2.0.0-p353@newprojects/specifications/sass-rails-4.0.0.gemspec
I, [2014-03-08T23:18:44.471894 #9648]  INFO -- : 0:  sdoc (0.3.20) from /home/rafael/.rvm/gems/ruby-2.0.0-p353@newprojects/specifications/sdoc-0.3.20.gemspec
I, [2014-03-08T23:18:48.877902 #9648]  INFO -- : 0:  sqlite3 (1.3.7) from /home/rafael/.rvm/gems/ruby-2.0.0-p353@newprojects/specifications/sqlite3-1.3.7.gemspec
I, [2014-03-08T23:18:49.401347 #9648]  INFO -- : 0:  turbolinks (1.2.0) from /home/rafael/.rvm/gems/ruby-2.0.0-p353@newprojects/specifications/turbolinks-1.2.0.gemspec
I, [2014-03-08T23:18:50.202578 #9648]  INFO -- : 0:  uglifier (2.1.1) from /home/rafael/.rvm/gems/ruby-2.0.0-p353@newprojects/specifications/uglifier-2.1.1.gemspec
